abc2midi ../static/generation/osohslwfcopxbxpkenjpvvixexxwssnv.abc 0 -o ../static/generation/osohslwfcopxbxpkenjpvvixexxwssnv.mid
3.87 January 03 2016 abc2midi
Error in line-char 7-7 : Unrecognized character: #
Error in line-char 7-8 : Unrecognized character: 4
Error in line-char 7-14 : Unrecognized character: #
Error in line-char 7-15 : Unrecognized character: 4
Error in line-char 7-18 : Unrecognized character: #
Error in line-char 7-19 : Unrecognized character: 4
Error in line-char 9-1 : Unrecognized character: #
Error in line-char 9-2 : Unrecognized character: 4
Error in line-char 9-5 : Unrecognized character: #
Error in line-char 9-6 : Unrecognized character: 4
Error in line-char 9-9 : Unrecognized character: #
Error in line-char 9-10 : Unrecognized character: 4
Error in line-char 9-13 : Unrecognized character: #
Error in line-char 9-14 : Unrecognized character: 4
Error in line-char 9-17 : Unrecognized character: #
Error in line-char 9-18 : Unrecognized character: 4
Error in line-char 11-7 : Unrecognized character: #
Error in line-char 11-8 : Unrecognized character: 4
Error in line-char 15-4 : Unrecognized character: #
Error in line-char 15-5 : Unrecognized character: 5
Error in line-char 15-11 : Unrecognized character: #
Error in line-char 15-12 : Unrecognized character: 5
Error in line-char 17-1 : Unrecognized character: #
Error in line-char 17-2 : Unrecognized character: 5
Error in line-char 17-14 : Unrecognized character: #
Error in line-char 17-15 : Unrecognized character: 5
Error in line-char 17-18 : Unrecognized character: #
Error in line-char 17-19 : Unrecognized character: 5
Error in line-char 19-1 : Unrecognized character: #
Error in line-char 19-2 : Unrecognized character: 5
Error in line-char 21-1 : Unrecognized character: #
Error in line-char 21-2 : Unrecognized character: 5
Error in line-char 21-5 : Unrecognized character: #
Error in line-char 21-6 : Unrecognized character: 5
Error in line-char 21-9 : Unrecognized character: #
Error in line-char 21-10 : Unrecognized character: 5
Error in line-char 21-16 : Unrecognized character: #
Error in line-char 21-17 : Unrecognized character: 5
writing MIDI file ../static/generation/osohslwfcopxbxpkenjpvvixexxwssnv.mid
Warning in line-char 9-20 : Track 1 Bar 1 has 5 units instead of 4
Warning in line-char 11-22 : Track 1 Bar 2 has 26 units instead of 4
Warning in line-char 13-15 : Track 1 Bar 3 has 25 units instead of 4
Warning in line-char 15-23 : Track 1 Bar 4 has 27 units instead of 4
Warning in line-char 17-24 : Track 1 Bar 5 has 23 units instead of 4
Warning in line-char 19-16 : Track 1 Bar 6 has 21 units instead of 4
Warning in line-char 21-25 : Track 1 Bar 7 has 18 units instead of 4
mkdir -p cache
./ecantorix.pl -C ./../static/generation/osohslwfcopxbxpkenjpvvixexxwssnv.conf -c cache -O wav -o ../static/generation/osohslwfcopxbxpkenjpvvixexxwssnv.wav ../static/generation/osohslwfcopxbxpkenjpvvixexxwssnv.mid | tee ../static/generation/osohslwfcopxbxpkenjpvvixexxwssnv.ass
Analyzing track 0...
Analyzing track 1...
Processing track 0...
Processing track 1...
ha
sox WARN rate: rate clipped 6 samples; decrease volume?
sox WARN dither: dither clipped 6 samples; decrease volume?
[A[Kha zır
Rendering /home/ubuntu/robot-singer/ecantorix/cache/_tr_44100_2.00_164.81_95.00_d849795437d3c86375daef6ff05d0e9af2a31ab9.wav...pitch=99 velocity=150 speed=80 
ha zır lı
[A[Kha zır lı ğı
Rendering /home/ubuntu/robot-singer/ecantorix/cache/_tr_44100_2.00_164.81_80.00_5dc6430d4627ac8b95823ef81483919bf3636d0b.wav...pitch=99 velocity=126 speed=80 
ha zır lı ğı ya
[A[Kha zır lı ğı ya pa
[A[Kha zır lı ğı ya pa yım
Rendering /home/ubuntu/robot-singer/ecantorix/cache/_tr_44100_2.00_164.81_80.00_25ec6e95773e7107c761bce32a18abd7cb17d651.wav...pitch=99 velocity=126 speed=80 
ha zır lı ğı ya pa yım ya
[Script Info]
; Script generated by eCantorix
Title: <untitled>
Original Script: <unknown>
ScriptType: v4.00+
Collisions: Normal
PlayResX: 720
PlayResY: 480
PlayDepth: 0
Timer: 100.0000
WrapStyle: 0

[V4+ Styles]
Format: Name, Fontname, Fontsize, PrimaryColour, SecondaryColour, TertiaryColour, BackColour, Bold, Italic, Underline, StrikeOut, ScaleX, ScaleY, Spacing, Angle, BorderStyle, Outline, Shadow, Alignment, MarginL, MarginR, MarginV, AlphaLevel, Encoding
Style: Karaoke,Arial,28,&H00FF0000,&H00FFFF00,&H00FFFFFF,&H80000000,-1,0,0,0,100,100,0.00,0.00,1,1.00,2.00,2,30,30,30,0

[Events]
Format: Layer, Start, End, Style, Name, MarginL, MarginR, MarginV, Effect, Text
Dialogue: 0,0:00:59.51,0:00:09.50,Karaoke,eCantorix,0000,0000,0000,,{\k150}{\kf200}ha{\kf200}zır{\kf50}lı{\kf200}ğı{\k0} {\kf50}ya{\kf50}pa{\kf200}yım
[A[Kha zır lı ğı ya pa yım ya re
[A[Kha zır lı ğı ya pa yım ya re va
Rendering /home/ubuntu/robot-singer/ecantorix/cache/_tr_44100_0.50_146.83_95.00_75cace483838e824ccdc3c7140d7f458542e8d7d.wav...pitch=93 velocity=150 speed=115 
zır lı ğı ya pa yım ya re va ra
[A[Klı ğı ya pa yım ya re va ra yım
ğı ya pa yım ya re va ra yım iç
Rendering /home/ubuntu/robot-singer/ecantorix/cache/_tr_44100_2.00_138.59_105.00_5e67c4e5036bb9037621582f24b33eacd9692691.wav...Dialogue: 0,0:00:09.50,0:00:12.00,Karaoke,eCantorix,0000,0000,0000,,{\kf50}ya{\kf50}re{\k0} {\kf50}va{\kf50}ra{\kf50}yım
pitch=88 velocity=165 speed=80 
ya pa yım ya re va ra yım iç ten
Rendering /home/ubuntu/robot-singer/ecantorix/cache/_tr_44100_2.00_185.00_95.00_fe2903451ad01efdf3fd28d4d280745dbc25bd0f.wav...sox WARN rate: rate clipped 1 samples; decrease volume?
sox WARN dither: dither clipped 1 samples; decrease volume?
sox WARN rate: rate clipped 2 samples; decrease volume?
sox WARN dither: dither clipped 2 samples; decrease volume?
sox WARN rate: rate clipped 2 samples; decrease volume?
sox WARN dither: dither clipped 2 samples; decrease volume?
sox WARN rate: rate clipped 2 samples; decrease volume?
sox WARN dither: dither clipped 2 samples; decrease volume?
sox WARN rate: rate clipped 2 samples; decrease volume?
sox WARN dither: dither clipped 2 samples; decrease volume?
sox WARN rate: rate clipped 2 samples; decrease volume?
sox WARN dither: dither clipped 1 samples; decrease volume?
sox WARN rate: rate clipped 2 samples; decrease volume?
sox WARN dither: dither clipped 2 samples; decrease volume?
sox WARN rate: rate clipped 2 samples; decrease volume?
sox WARN dither: dither clipped 2 samples; decrease volume?
pitch=99 velocity=150 speed=80 
sox WARN rate: rate clipped 3 samples; decrease volume?
sox WARN dither: dither clipped 1 samples; decrease volume?
pa yım ya re va ra yım iç ten o
sox WARN rate: rate clipped 5 samples; decrease volume?
sox WARN dither: dither clipped 5 samples; decrease volume?
[A[Kyım ya re va ra yım iç ten o nu
Rendering /home/ubuntu/robot-singer/ecantorix/cache/_tr_44100_2.00_138.59_80.00_9cd53eac79c6de3fa2b7b360b476db2c4cbb523c.wav...pitch=88 velocity=126 speed=80 
ya re va ra yım iç ten o nu ö
Rendering /home/ubuntu/robot-singer/ecantorix/cache/_tr_44100_2.00_185.00_80.00_7a939f71c502e5b5c36cd09377ba34a35a0c04d0.wav...pitch=99 velocity=126 speed=80 
re va ra yım iç ten o nu ö pe
Rendering /home/ubuntu/robot-singer/ecantorix/cache/_tr_44100_2.00_207.65_80.00_dd97a7482f1bd89e1cb9debaa9c66e3325372ed5.wav...pitch=99 velocity=126 speed=80 
va ra yım iç ten o nu ö pe yim
Rendering /home/ubuntu/robot-singer/ecantorix/cache/_tr_44100_2.50_123.47_80.00_b1f7a59c103db07d188944edf77c50b057d2f07a.wav...pitch=78 velocity=126 speed=80 
ra yım iç ten o nu ö pe yim ya
Rendering /home/ubuntu/robot-singer/ecantorix/cache/_tr_44100_2.50_138.59_105.00_895efcba3fb999c7a64ac6d6e8c246091bd8fccc.wav...Dialogue: 0,0:00:12.00,0:00:25.00,Karaoke,eCantorix,0000,0000,0000,,{\kf200}iç{\kf200}ten{\k0} {\kf50}o{\kf200}nu{\k0} {\kf200}ö{\kf200}pe{\kf250}yim
pitch=88 velocity=165 speed=80 
sox WARN rate: rate clipped 2 samples; decrease volume?
sox WARN dither: dither clipped 1 samples; decrease volume?
yım iç ten o nu ö pe yim ya re
Rendering /home/ubuntu/robot-singer/ecantorix/cache/_tr_44100_2.50_138.59_80.00_a526507dc590356acbb0d339a41aa5842ea5de12.wav...pitch=88 velocity=126 speed=80 
iç ten o nu ö pe yim ya re va
Rendering /home/ubuntu/robot-singer/ecantorix/cache/_tr_44100_2.50_146.83_95.00_75cace483838e824ccdc3c7140d7f458542e8d7d.wav...pitch=93 velocity=150 speed=80 
ten o nu ö pe yim ya re va ra
[A[Ko nu ö pe yim ya re va ra yım
Rendering /home/ubuntu/robot-singer/ecantorix/cache/_tr_44100_2.50_185.00_95.00_25ec6e95773e7107c761bce32a18abd7cb17d651.wav...pitch=99 velocity=150 speed=80 
nu ö pe yim ya re va ra yım gü
Rendering /home/ubuntu/robot-singer/ecantorix/cache/_tr_44100_2.50_185.00_105.00_6da733c00ddfcd71e03ac5bfcc58aeb196f4e2a2.wav...Dialogue: 0,0:00:25.00,0:00:37.50,Karaoke,eCantorix,0000,0000,0000,,{\kf250}ya{\kf250}re{\k0} {\kf250}va{\kf250}ra{\kf250}yım
pitch=99 velocity=165 speed=80 
ö pe yim ya re va ra yım gü nü
[A[Kpe yim ya re va ra yım gü nü ek
Rendering /home/ubuntu/robot-singer/ecantorix/cache/_tr_44100_2.50_185.00_95.00_45fdb91c8637aa0af6876a7a4e2100bd8b848d9d.wav...pitch=99 velocity=150 speed=80 
yim ya re va ra yım gü nü ek le
[A[Kya re va ra yım gü nü ek le miş
Rendering /home/ubuntu/robot-singer/ecantorix/cache/_tr_44100_2.50_138.59_95.00_f248997ad0978c5d7fb9de514838aa5497705cd2.wav...pitch=88 velocity=150 speed=80 
re va ra yım gü nü ek le miş gü
[A[Kva ra yım gü nü ek le miş gü ne
ra yım gü nü ek le miş gü ne bu
Dialogue: 0,0:00:37.50,0:00:51.00,Karaoke,eCantorix,0000,0000,0000,,{\kf250}gü{\kf50}nü{\k0} {\kf250}ek{\kf50}le{\kf250}miş{\k0} {\kf250}gü{\kf250}ne
[A[Kyım gü nü ek le miş gü ne bu gün
Rendering /home/ubuntu/robot-singer/ecantorix/cache/_tr_44100_2.50_207.65_80.00_d326b1df5f8e16c9edfe46000492f7b32b73519f.wav...pitch=99 velocity=126 speed=80 
gü nü ek le miş gü ne bu gün ta
Rendering /home/ubuntu/robot-singer/ecantorix/cache/_tr_44100_2.50_185.00_95.00_a3834bd22ee263c344c175bd3fbccd4b80fefff3.wav...pitch=99 velocity=150 speed=80 
nü ek le miş gü ne bu gün ta dın
Rendering /home/ubuntu/robot-singer/ecantorix/cache/_tr_44100_2.50_207.65_80.00_824687cf177b3645bdec91f0d4cb51291aaff6b0.wav...pitch=99 velocity=126 speed=80 
ek le miş gü ne bu gün ta dın da
[A[Kle miş gü ne bu gün ta dın da kal
[A[Kmiş gü ne bu gün ta dın da kal sın
Rendering /home/ubuntu/robot-singer/ecantorix/cache/_tr_44100_2.50_207.65_95.00_6774cc8ad0a58b92881de8cbaf6fc985e14a691e.wav...pitch=99 velocity=150 speed=80 
gü ne bu gün ta dın da kal sın ya
Dialogue: 0,0:00:51.00,0:01:02.50,Karaoke,eCantorix,0000,0000,0000,,{\kf50}bu{\kf250}gün{\k0} {\kf250}ta{\kf250}dın{\kf50}da{\k0} {\kf50}kal{\kf250}sın
[A[Kne bu gün ta dın da kal sın ya re
Rendering /home/ubuntu/robot-singer/ecantorix/cache/_tr_44100_2.50_146.83_80.00_a526507dc590356acbb0d339a41aa5842ea5de12.wav...pitch=93 velocity=126 speed=80 
bu gün ta dın da kal sın ya re va
[A[Kgün ta dın da kal sın ya re va ra
[A[Kta dın da kal sın ya re va ra yım
Rendering /home/ubuntu/robot-singer/ecantorix/cache/_tr_44100_2.50_207.65_95.00_25ec6e95773e7107c761bce32a18abd7cb17d651.wav...pitch=99 velocity=150 speed=80 
dın da kal sın ya re va ra yım ben
Dialogue: 0,0:01:02.50,0:01:13.00,Karaoke,eCantorix,0000,0000,0000,,{\kf50}ya{\kf250}re{\k0} {\kf250}va{\kf250}ra{\kf250}yım
sox WARN rate: rate clipped 11 samples; decrease volume?
sox WARN dither: dither clipped 11 samples; decrease volume?
[A[Kda kal sın ya re va ra yım ben de
[A[Kkal sın ya re va ra yım ben de ya
[A[Ksın ya re va ra yım ben de ya nım
Rendering /home/ubuntu/robot-singer/ecantorix/cache/_tr_44100_2.00_207.65_80.00_d0738b588cc18aac5fdded1f5b870a9dab337a9d.wav...pitch=99 velocity=126 speed=80 
ya re va ra yım ben de ya nım da
[A[Kre va ra yım ben de ya nım da ol
sox WARN rate: rate clipped 5 samples; decrease volume?
sox WARN dither: dither clipped 4 samples; decrease volume?
[A[Kva ra yım ben de ya nım da ol sun
Rendering /home/ubuntu/robot-singer/ecantorix/cache/_tr_44100_2.50_207.65_80.00_2bc4619841d3a0029b99e54fc0cff5bc7e289f42.wav...pitch=99 velocity=126 speed=80 
writing...
Dialogue: 0,0:01:13.00,0:01:22.50,Karaoke,eCantorix,0000,0000,0000,,{\kf50}ben{\kf50}de{\k0} {\kf50}ya{\kf200}nım{\kf50}da{\k0} {\kf250}ol{\kf250}sun
rm ../static/generation/osohslwfcopxbxpkenjpvvixexxwssnv.mid
abc2midi ../static/generation/zvvuknadfksroljwrbtjgsfrohtyrgko.abc 0 -o ../static/generation/zvvuknadfksroljwrbtjgsfrohtyrgko.mid
3.87 January 03 2016 abc2midi
writing MIDI file ../static/generation/zvvuknadfksroljwrbtjgsfrohtyrgko.mid
mkdir -p cache
./ecantorix.pl -C ./../static/generation/zvvuknadfksroljwrbtjgsfrohtyrgko.conf -c cache -O wav -o ../static/generation/zvvuknadfksroljwrbtjgsfrohtyrgko.wav ../static/generation/zvvuknadfksroljwrbtjgsfrohtyrgko.mid | tee ../static/generation/zvvuknadfksroljwrbtjgsfrohtyrgko.ass
Analyzing track 0...
Analyzing track 1...
Processing track 0...
Processing track 1...
yar
Rendering /home/ubuntu/robot-singer/ecantorix/cache/_tr_44100_2.50_103.83_105.00_2a6d430fd3fbe1561eca22dfbee7c7926b413526.wav...sox WARN rate: rate clipped 1 samples; decrease volume?
sox WARN dither: dither clipped 1 samples; decrease volume?
sox WARN rate: rate clipped 1 samples; decrease volume?
sox WARN dither: dither clipped 1 samples; decrease volume?
sox WARN rate: rate clipped 1 samples; decrease volume?
sox WARN dither: dither clipped 1 samples; decrease volume?
sox WARN rate: rate clipped 1 samples; decrease volume?
sox WARN dither: dither clipped 1 samples; decrease volume?
sox WARN rate: rate clipped 1 samples; decrease volume?
sox WARN dither: dither clipped 1 samples; decrease volume?
sox WARN rate: rate clipped 1 samples; decrease volume?
sox WARN dither: dither clipped 1 samples; decrease volume?
sox WARN rate: rate clipped 1 samples; decrease volume?
sox WARN dither: dither clipped 1 samples; decrease volume?
pitch=64 velocity=165 speed=80 sox WARN dither: dither clipped 1 samples; decrease volume?

sox WARN rate: rate clipped 2 samples; decrease volume?
sox WARN dither: dither clipped 2 samples; decrease volume?
yar ra
Rendering /home/ubuntu/robot-singer/ecantorix/cache/_tr_44100_2.50_130.81_80.00_886019e34b98777dfb7341e691e7b267e1ebf289.wav...pitch=83 velocity=126 speed=80 
yar ra ğı
Rendering /home/ubuntu/robot-singer/ecantorix/cache/_tr_44100_2.50_69.30_95.00_5dc6430d4627ac8b95823ef81483919bf3636d0b.wav...pitch=26 velocity=150 speed=80 
yar ra ğı mı
Rendering /home/ubuntu/robot-singer/ecantorix/cache/_tr_44100_2.50_87.31_80.00_8bd71b272c3bb0b4f2c9a9644c1ed814e411efd5.wav...pitch=48 velocity=126 speed=80 
yar ra ğı mı ye
Rendering /home/ubuntu/robot-singer/ecantorix/cache/_tr_44100_2.50_69.30_95.00_36422b6c9631203b6b8380f67d647ace4bd5e918.wav...pitch=26 velocity=150 speed=80 
yar ra ğı mı ye be
Rendering /home/ubuntu/robot-singer/ecantorix/cache/_tr_44100_2.50_87.31_80.00_fa6145ffb2c7beb947bd9e5a1fccba92e46349aa.wav...pitch=48 velocity=126 speed=80 
yar ra ğı mı ye be şir
Rendering /home/ubuntu/robot-singer/ecantorix/cache/_tr_44100_2.00_130.81_95.00_eb31d096c67ffa50be0fbbb5392af643eeb54704.wav...pitch=83 velocity=150 speed=80 
writing...
[Script Info]
; Script generated by eCantorix
Title: <untitled>
Original Script: <unknown>
ScriptType: v4.00+
Collisions: Normal
PlayResX: 720
PlayResY: 480
PlayDepth: 0
Timer: 100.0000
WrapStyle: 0

[V4+ Styles]
Format: Name, Fontname, Fontsize, PrimaryColour, SecondaryColour, TertiaryColour, BackColour, Bold, Italic, Underline, StrikeOut, ScaleX, ScaleY, Spacing, Angle, BorderStyle, Outline, Shadow, Alignment, MarginL, MarginR, MarginV, AlphaLevel, Encoding
Style: Karaoke,Arial,28,&H00FF0000,&H00FFFF00,&H00FFFFFF,&H80000000,-1,0,0,0,100,100,0.00,0.00,1,1.00,2.00,2,30,30,30,0

[Events]
Format: Layer, Start, End, Style, Name, MarginL, MarginR, MarginV, Effect, Text
Dialogue: 0,0:00:59.51,0:00:17.50,Karaoke,eCantorix,0000,0000,0000,,{\k150}{\kf250}yar{\kf250}ra{\kf250}ğı{\kf250}mı{\k0} {\kf250}ye{\k0} {\kf250}be{\kf200}şir
rm ../static/generation/zvvuknadfksroljwrbtjgsfrohtyrgko.mid
abc2midi ../static/generation/zcuaiidfrfcfefuikcodvaesavtsvosh.abc 0 -o ../static/generation/zcuaiidfrfcfefuikcodvaesavtsvosh.mid
3.87 January 03 2016 abc2midi
Error in line-char 7-4 : Unrecognized character: #
Error in line-char 7-5 : Unrecognized character: 4
Error in line-char 7-8 : Unrecognized character: #
Error in line-char 7-9 : Unrecognized character: 4
writing MIDI file ../static/generation/zcuaiidfrfcfefuikcodvaesavtsvosh.mid
mkdir -p cache
./ecantorix.pl -C ./../static/generation/zcuaiidfrfcfefuikcodvaesavtsvosh.conf -c cache -O wav -o ../static/generation/zcuaiidfrfcfefuikcodvaesavtsvosh.wav ../static/generation/zcuaiidfrfcfefuikcodvaesavtsvosh.mid | tee ../static/generation/zcuaiidfrfcfefuikcodvaesavtsvosh.ass
Analyzing track 0...
Analyzing track 1...
Processing track 0...
Processing track 1...
e
[A[Ke he
[A[Ke he he
writing...
[Script Info]
; Script generated by eCantorix
Title: <untitled>
Original Script: <unknown>
ScriptType: v4.00+
Collisions: Normal
PlayResX: 720
PlayResY: 480
PlayDepth: 0
Timer: 100.0000
WrapStyle: 0

[V4+ Styles]
Format: Name, Fontname, Fontsize, PrimaryColour, SecondaryColour, TertiaryColour, BackColour, Bold, Italic, Underline, StrikeOut, ScaleX, ScaleY, Spacing, Angle, BorderStyle, Outline, Shadow, Alignment, MarginL, MarginR, MarginV, AlphaLevel, Encoding
Style: Karaoke,Arial,28,&H00FF0000,&H00FFFF00,&H00FFFFFF,&H80000000,-1,0,0,0,100,100,0.00,0.00,1,1.00,2.00,2,30,30,30,0

[Events]
Format: Layer, Start, End, Style, Name, MarginL, MarginR, MarginV, Effect, Text
Dialogue: 0,0:00:59.51,0:00:03.00,Karaoke,eCantorix,0000,0000,0000,,{\k150}{\kf150}e{\kf50}he{\kf50}he
rm ../static/generation/zcuaiidfrfcfefuikcodvaesavtsvosh.mid
